<?xml version="1.0" encoding="UTF-8"?>
<!-- Generated by org.testng.reporters.JUnitReportReporter -->
<testsuite hostname="JeshDiv" failures="0" tests="1" name="test.LoginTest" time="5.855" errors="0" timestamp="2024-11-25T13:33:47 AST" skipped="0">
  <testcase classname="test.LoginTest" name="login" time="5.855"/>
</testsuite> <!-- test.LoginTest -->
