<?xml version="1.0" encoding="UTF-8"?>
<!-- Generated by org.testng.reporters.JUnitReportReporter -->
<testsuite hostname="JeshDiv" failures="0" tests="1" name="test.BookingTest" time="10.281" errors="0" timestamp="2024-11-25T13:33:47 AST" skipped="0">
  <testcase classname="test.BookingTest" name="SelectAllTheValues" time="10.281"/>
</testsuite> <!-- test.BookingTest -->
